==65600== Callgrind, a call-graph generating cache profiler
==65600== Copyright (C) 2002-2017, and GNU GPL'd, by Josef Weidendorfer et al.
==65600== Using Valgrind-3.22.0 and LibVEX; rerun with -h for copyright info
==65600== Command: .build/1brc-O3 -q BASELINE_1E5
==65600== Parent PID: 65596
==65600== 
--65600-- warning: L3 cache found, using its data for the LL simulation.
--65600-- warning: specified LL cache: line_size 64  assoc 12  total_size 37,748,736
--65600-- warning: simulated LL cache: line_size 64  assoc 18  total_size 37,748,736
==65600== For interactive control, run 'callgrind_control -h'.
==65600== 
==65600== Events    : Ir Dr Dw I1mr D1mr D1mw ILmr DLmr DLmw Bc Bcm Bi Bim Ge sysCount sysTime
==65600== Collected : 126499625 26541956 15524132 45575 58788 8001 7668 18305 5599 17028370 555261 851498 252936 142 254 81
==65600== 
==65600== I   refs:      126,499,625
==65600== I1  misses:         45,575
==65600== LLi misses:          7,668
==65600== I1  miss rate:        0.04%
==65600== LLi miss rate:        0.01%
==65600== 
==65600== D   refs:       42,066,088  (26,541,956 rd + 15,524,132 wr)
==65600== D1  misses:         66,789  (    58,788 rd +      8,001 wr)
==65600== LLd misses:         23,904  (    18,305 rd +      5,599 wr)
==65600== D1  miss rate:         0.2% (       0.2%   +        0.1%  )
==65600== LLd miss rate:         0.1% (       0.1%   +        0.0%  )
==65600== 
==65600== LL refs:           112,364  (   104,363 rd +      8,001 wr)
==65600== LL misses:          31,572  (    25,973 rd +      5,599 wr)
==65600== LL miss rate:          0.0% (       0.0%   +        0.0%  )
==65600== 
==65600== Branches:       17,879,868  (17,028,370 cond +    851,498 ind)
==65600== Mispredicts:       808,197  (   555,261 cond +    252,936 ind)
==65600== Mispred rate:          4.5% (       3.3%     +       29.7%   )
